#
# There is insufficient memory for the Java Runtime Environment to continue.
# Native memory allocation (malloc) failed to allocate 876656 bytes for Chunk::new
# Possible reasons:
#   The system is out of physical RAM or swap space
#   The process is running with CompressedOops enabled, and the Java Heap may be blocking the growth of the native heap
# Possible solutions:
#   Reduce memory load on the system
#   Increase physical memory or swap space
#   Check if swap backing store is full
#   Decrease Java heap size (-Xmx/-Xms)
#   Decrease number of Java threads
#   Decrease Java thread stack sizes (-Xss)
#   Set larger code cache with -XX:ReservedCodeCacheSize=
#   JVM is running with Unscaled Compressed Oops mode in which the Java heap is
#     placed in the first 4GB address space. The Java Heap base address is the
#     maximum limit for the native heap growth. Please use -XX:HeapBaseMinAddress
#     to set the Java Heap base and to place the Java Heap above 4GB virtual address.
# This output file may be truncated or incomplete.
#
#  Out of Memory Error (./src/hotspot/share/memory/arena.cpp:197), pid=13540, tid=12708
#
# JRE version: OpenJDK Runtime Environment (11.0.10) (build 11.0.10+0-b96-7249189)
# Java VM: OpenJDK 64-Bit Server VM (11.0.10+0-b96-7249189, mixed mode, tiered, compressed oops, g1 gc, windows-amd64)
# No core dump will be written. Minidumps are not enabled by default on client versions of Windows
#

---------------  S U M M A R Y ------------

Command Line: --add-opens=java.base/java.util=ALL-UNNAMED --add-opens=java.base/java.lang=ALL-UNNAMED --add-opens=java.base/java.lang.invoke=ALL-UNNAMED --add-opens=java.base/java.util=ALL-UNNAMED --add-opens=java.prefs/java.util.prefs=ALL-UNNAMED --add-opens=java.prefs/java.util.prefs=ALL-UNNAMED --add-opens=java.base/java.nio.charset=ALL-UNNAMED --add-opens=java.base/java.net=ALL-UNNAMED --add-opens=java.base/java.util.concurrent.atomic=ALL-UNNAMED -Xmx2048m -Dfile.encoding=UTF-8 -Duser.country=IN -Duser.language=en -Duser.variant org.gradle.launcher.daemon.bootstrap.GradleDaemon 7.0.2

Host: Intel(R) Core(TM) i3-8130U CPU @ 2.20GHz, 4 cores, 11G,  Windows 10 , 64 bit Build 17763 (10.0.17763.475)
Time: Fri Jan 28 07:41:35 2022 India Standard Time elapsed time: 45.388244 seconds (0d 0h 0m 45s)

---------------  T H R E A D  ---------------

Current thread (0x000002505ff8d800):  JavaThread "C2 CompilerThread0" daemon [_thread_in_native, id=12708, stack(0x0000009ce1800000,0x0000009ce1900000)]


Current CompileTask:
C2:  45388 7476       4       java.lang.String::split (324 bytes)

Stack: [0x0000009ce1800000,0x0000009ce1900000]
Native frames: (J=compiled Java code, j=interpreted, Vv=VM code, C=native code)
V  [jvm.dll+0x5ecfaa]
V  [jvm.dll+0x722bd5]
V  [jvm.dll+0x72412d]
V  [jvm.dll+0x7247e3]
V  [jvm.dll+0x242928]
V  [jvm.dll+0xbc4fc]
V  [jvm.dll+0xbca0c]
V  [jvm.dll+0x2b4fd4]
V  [jvm.dll+0x506028]
V  [jvm.dll+0x203253]
V  [jvm.dll+0x1fd07c]
V  [jvm.dll+0x1fa77f]
V  [jvm.dll+0x18354c]
V  [jvm.dll+0x208ee7]
V  [jvm.dll+0x207731]
V  [jvm.dll+0x6eb1cf]
V  [jvm.dll+0x6e3d45]
V  [jvm.dll+0x5ebe96]
C  [ucrtbase.dll+0x2268a]
C  [KERNEL32.DLL+0x17974]
C  [ntdll.dll+0x5a0b1]


---------------  P R O C E S S  ---------------

Threads class SMR info:
_java_thread_list=0x0000025065bf4050, length=47, elements={
0x0000025045b0c800, 0x000002505f71b800, 0x000002505f71e800, 0x000002505ff3b800,
0x000002505ff89800, 0x000002505ff8a800, 0x000002505ff8d800, 0x000002505fff3000,
0x000002505fffb000, 0x00000250600f3800, 0x0000025062ae8800, 0x0000025060d89000,
0x00000250629bc800, 0x00000250629a3800, 0x00000250621f5000, 0x0000025060dc0800,
0x0000025062816800, 0x00000250627a8000, 0x000002506207e800, 0x000002506280d000,
0x000002506280c000, 0x000002506280f800, 0x0000025062810000, 0x000002506280b800,
0x000002506280d800, 0x000002506280e800, 0x000002506280a800, 0x0000025062811000,
0x000002506105d800, 0x000002506105f000, 0x000002506105c800, 0x000002506105b800,
0x000002506105a000, 0x0000025061059800, 0x0000025061060800, 0x0000025061065800,
0x0000025061061800, 0x0000025061063000, 0x0000025061064800, 0x0000025061060000,
0x0000025061066800, 0x0000025061067000, 0x0000025061068000, 0x0000025061064000,
0x000002506589e800, 0x00000250658a2800, 0x00000250658a1000
}

Java Threads: ( => current thread )
  0x0000025045b0c800 JavaThread "main" [_thread_blocked, id=1836, stack(0x0000009ce0c00000,0x0000009ce0d00000)]
  0x000002505f71b800 JavaThread "Reference Handler" daemon [_thread_blocked, id=16648, stack(0x0000009ce1300000,0x0000009ce1400000)]
  0x000002505f71e800 JavaThread "Finalizer" daemon [_thread_blocked, id=15596, stack(0x0000009ce1400000,0x0000009ce1500000)]
  0x000002505ff3b800 JavaThread "Signal Dispatcher" daemon [_thread_blocked, id=6540, stack(0x0000009ce1500000,0x0000009ce1600000)]
  0x000002505ff89800 JavaThread "Attach Listener" daemon [_thread_blocked, id=7832, stack(0x0000009ce1600000,0x0000009ce1700000)]
  0x000002505ff8a800 JavaThread "Service Thread" daemon [_thread_blocked, id=9828, stack(0x0000009ce1700000,0x0000009ce1800000)]
=>0x000002505ff8d800 JavaThread "C2 CompilerThread0" daemon [_thread_in_native, id=12708, stack(0x0000009ce1800000,0x0000009ce1900000)]
  0x000002505fff3000 JavaThread "C1 CompilerThread0" daemon [_thread_blocked, id=18940, stack(0x0000009ce1900000,0x0000009ce1a00000)]
  0x000002505fffb000 JavaThread "Sweeper thread" daemon [_thread_blocked, id=16240, stack(0x0000009ce1a00000,0x0000009ce1b00000)]
  0x00000250600f3800 JavaThread "Common-Cleaner" daemon [_thread_blocked, id=17928, stack(0x0000009ce1b00000,0x0000009ce1c00000)]
  0x0000025062ae8800 JavaThread "Daemon health stats" [_thread_blocked, id=9692, stack(0x0000009ce2100000,0x0000009ce2200000)]
  0x0000025060d89000 JavaThread "Incoming local TCP Connector on port 52492" [_thread_in_native, id=8164, stack(0x0000009ce2000000,0x0000009ce2100000)]
  0x00000250629bc800 JavaThread "Daemon periodic checks" [_thread_blocked, id=15340, stack(0x0000009ce2200000,0x0000009ce2300000)]
  0x00000250629a3800 JavaThread "Daemon" [_thread_blocked, id=18248, stack(0x0000009ce2300000,0x0000009ce2400000)]
  0x00000250621f5000 JavaThread "Handler for socket connection from /127.0.0.1:52492 to /127.0.0.1:52493" [_thread_in_native, id=11312, stack(0x0000009ce2400000,0x0000009ce2500000)]
  0x0000025060dc0800 JavaThread "Cancel handler" [_thread_blocked, id=18400, stack(0x0000009ce2500000,0x0000009ce2600000)]
  0x0000025062816800 JavaThread "Daemon worker" [_thread_blocked, id=4632, stack(0x0000009ce2600000,0x0000009ce2700000)]
  0x00000250627a8000 JavaThread "Asynchronous log dispatcher for DefaultDaemonConnection: socket connection from /127.0.0.1:52492 to /127.0.0.1:52493" [_thread_blocked, id=17836, stack(0x0000009ce2700000,0x0000009ce2800000)]
  0x000002506207e800 JavaThread "Stdin handler" [_thread_blocked, id=15428, stack(0x0000009ce2800000,0x0000009ce2900000)]
  0x000002506280d000 JavaThread "Daemon client event forwarder" [_thread_blocked, id=7984, stack(0x0000009ce2900000,0x0000009ce2a00000)]
  0x000002506280c000 JavaThread "Cache worker for file hash cache (C:\Users\admin\AndroidStudioProjects\APP\gradle\caches\7.0.2\fileHashes)" [_thread_blocked, id=17812, stack(0x0000009ce2a00000,0x0000009ce2b00000)]
  0x000002506280f800 JavaThread "File lock request listener" [_thread_in_native, id=3340, stack(0x0000009ce2b00000,0x0000009ce2c00000)]
  0x0000025062810000 JavaThread "Cache worker for journal cache (C:\Users\admin\AndroidStudioProjects\APP\gradle\caches\journal-1)" [_thread_blocked, id=11784, stack(0x0000009ce2c00000,0x0000009ce2d00000)]
  0x000002506280b800 JavaThread "Cache worker for file hash cache (C:\Users\admin\AndroidStudioProjects\QuizApp\.gradle\7.0.2\fileHashes)" [_thread_blocked, id=16124, stack(0x0000009ce2e00000,0x0000009ce2f00000)]
  0x000002506280d800 JavaThread "File watcher server" daemon [_thread_in_vm, id=5840, stack(0x0000009ce2f00000,0x0000009ce3000000)]
  0x000002506280e800 JavaThread "File watcher consumer" daemon [_thread_blocked, id=10600, stack(0x0000009ce3000000,0x0000009ce3100000)]
  0x000002506280a800 JavaThread "Cache worker for checksums cache (C:\Users\admin\AndroidStudioProjects\QuizApp\.gradle\checksums)" [_thread_blocked, id=6628, stack(0x0000009ce3100000,0x0000009ce3200000)]
  0x0000025062811000 JavaThread "Cache worker for cache directory md-supplier (C:\Users\admin\AndroidStudioProjects\APP\gradle\caches\7.0.2\md-supplier)" [_thread_blocked, id=2276, stack(0x0000009ce3200000,0x0000009ce3300000)]
  0x000002506105d800 JavaThread "Cache worker for cache directory md-rule (C:\Users\admin\AndroidStudioProjects\APP\gradle\caches\7.0.2\md-rule)" [_thread_blocked, id=9548, stack(0x0000009ce3300000,0x0000009ce3400000)]
  0x000002506105f000 JavaThread "Cache worker for execution history cache (C:\Users\admin\AndroidStudioProjects\APP\gradle\caches\7.0.2\executionHistory)" [_thread_blocked, id=10044, stack(0x0000009ce3400000,0x0000009ce3500000)]
  0x000002506105c800 JavaThread "jar transforms" [_thread_blocked, id=9416, stack(0x0000009ce3500000,0x0000009ce3600000)]
  0x000002506105b800 JavaThread "jar transforms Thread 2" [_thread_blocked, id=8260, stack(0x0000009ce3600000,0x0000009ce3700000)]
  0x000002506105a000 JavaThread "Cache worker for file content cache (C:\Users\admin\AndroidStudioProjects\APP\gradle\caches\7.0.2\fileContent)" [_thread_blocked, id=15404, stack(0x0000009ce3700000,0x0000009ce3800000)]
  0x0000025061059800 JavaThread "Cache worker for dependencies-accessors (C:\Users\admin\AndroidStudioProjects\QuizApp\.gradle\7.0.2\dependencies-accessors)" [_thread_blocked, id=18364, stack(0x0000009ce3800000,0x0000009ce3900000)]
  0x0000025061060800 JavaThread "jar transforms Thread 3" [_thread_blocked, id=12812, stack(0x0000009ce3900000,0x0000009ce3a00000)]
  0x0000025061065800 JavaThread "Cache worker for Build Output Cleanup Cache (C:\Users\admin\AndroidStudioProjects\QuizApp\.gradle\buildOutputCleanup)" [_thread_blocked, id=11412, stack(0x0000009ce2d00000,0x0000009ce2e00000)]
  0x0000025061061800 JavaThread "Build operations" [_thread_blocked, id=2152, stack(0x0000009ce3a00000,0x0000009ce3b00000)]
  0x0000025061063000 JavaThread "Build operations Thread 2" [_thread_blocked, id=14352, stack(0x0000009ce3b00000,0x0000009ce3c00000)]
  0x0000025061064800 JavaThread "Build operations Thread 3" [_thread_blocked, id=15508, stack(0x0000009ce3c00000,0x0000009ce3d00000)]
  0x0000025061060000 JavaThread "Build operations Thread 4" [_thread_blocked, id=3600, stack(0x0000009ce3d00000,0x0000009ce3e00000)]
  0x0000025061066800 JavaThread "jar transforms Thread 4" [_thread_blocked, id=13476, stack(0x0000009ce3e00000,0x0000009ce3f00000)]
  0x0000025061067000 JavaThread "Memory manager" [_thread_blocked, id=2340, stack(0x0000009ce3f00000,0x0000009ce4000000)]
  0x0000025061068000 JavaThread "build event listener" [_thread_blocked, id=2844, stack(0x0000009ce4000000,0x0000009ce4100000)]
  0x0000025061064000 JavaThread "Execution worker for ':'" [_thread_in_Java, id=14496, stack(0x0000009ce4300000,0x0000009ce4400000)]
  0x000002506589e800 JavaThread "Execution worker for ':' Thread 2" [_thread_blocked, id=8480, stack(0x0000009ce4400000,0x0000009ce4500000)]
  0x00000250658a2800 JavaThread "Execution worker for ':' Thread 3" [_thread_blocked, id=16952, stack(0x0000009ce4500000,0x0000009ce4600000)]
  0x00000250658a1000 JavaThread "Cache worker for execution history cache (C:\Users\admin\AndroidStudioProjects\QuizApp\.gradle\7.0.2\executionHistory)" [_thread_blocked, id=12208, stack(0x0000009ce4600000,0x0000009ce4700000)]

Other Threads:
  0x000002505ff33000 VMThread "VM Thread" [stack: 0x0000009ce1200000,0x0000009ce1300000] [id=1352] _threads_hazard_ptr=0x0000025065bf4050
  0x0000025060142000 WatcherThread [stack: 0x0000009ce1c00000,0x0000009ce1d00000] [id=11716]
  0x0000025045b25000 GCTaskThread "GC Thread#0" [stack: 0x0000009ce0d00000,0x0000009ce0e00000] [id=18336]
  0x00000250605a0800 GCTaskThread "GC Thread#1" [stack: 0x0000009ce1d00000,0x0000009ce1e00000] [id=12212]
  0x00000250604f8800 GCTaskThread "GC Thread#2" [stack: 0x0000009ce1e00000,0x0000009ce1f00000] [id=15912]
  0x00000250604f9000 GCTaskThread "GC Thread#3" [stack: 0x0000009ce1f00000,0x0000009ce2000000] [id=12916]
  0x0000025045b56000 ConcurrentGCThread "G1 Main Marker" [stack: 0x0000009ce0e00000,0x0000009ce0f00000] [id=12328]
  0x0000025045b58800 ConcurrentGCThread "G1 Conc#0" [stack: 0x0000009ce0f00000,0x0000009ce1000000] [id=3084]
  0x000002505f56e800 ConcurrentGCThread "G1 Refine#0" [stack: 0x0000009ce1000000,0x0000009ce1100000] [id=9768]
  0x000002505f56f000 ConcurrentGCThread "G1 Young RemSet Sampling" [stack: 0x0000009ce1100000,0x0000009ce1200000] [id=2400]

Threads with active compile tasks:
C2 CompilerThread0  45425 7476       4       java.lang.String::split (324 bytes)

VM state:synchronizing (normal execution)

VM Mutex/Monitor currently owned by a thread:  ([mutex/lock_event])
[0x0000025045b07450] Safepoint_lock - owner thread: 0x000002505ff33000
[0x0000025045b07de0] Threads_lock - owner thread: 0x000002505ff33000

Heap address: 0x0000000080000000, size: 2048 MB, Compressed Oops mode: 32-bit
Narrow klass base: 0x0000000000000000, Narrow klass shift: 3
Compressed class space size: 1073741824 Address: 0x0000000100000000

Heap:
 garbage-first heap   total 236544K, used 146919K [0x0000000080000000, 0x0000000100000000)
  region size 1024K, 104 young (106496K), 11 survivors (11264K)
 Metaspace       used 77661K, capacity 79558K, committed 79692K, reserved 1118208K
  class space    used 10177K, capacity 10878K, committed 10880K, reserved 1048576K
Heap Regions: E=young(eden), S=young(survivor), O=old, HS=humongous(starts), HC=humongous(continues), CS=collection set, F=free, A=archive, TAMS=top-at-mark-start (previous, next)
|   0|0x0000000080000000, 0x0000000080100000, 0x0000000080100000|100%|HS|  |TAMS 0x0000000080100000, 0x0000000080000000| Complete 
|   1|0x0000000080100000, 0x0000000080200000, 0x0000000080200000|100%|HC|  |TAMS 0x0000000080200000, 0x0000000080100000| Complete 
|   2|0x0000000080200000, 0x0000000080300000, 0x0000000080300000|100%|HC|  |TAMS 0x0000000080300000, 0x0000000080200000| Complete 
|   3|0x0000000080300000, 0x0000000080400000, 0x0000000080400000|100%| O|  |TAMS 0x0000000080400000, 0x0000000080300000| Untracked 
|   4|0x0000000080400000, 0x0000000080500000, 0x0000000080500000|100%| O|  |TAMS 0x0000000080500000, 0x0000000080400000| Untracked 
|   5|0x0000000080500000, 0x0000000080600000, 0x0000000080600000|100%| O|  |TAMS 0x0000000080600000, 0x0000000080500000| Untracked 
|   6|0x0000000080600000, 0x0000000080700000, 0x0000000080700000|100%| O|  |TAMS 0x0000000080700000, 0x0000000080600000| Untracked 
|   7|0x0000000080700000, 0x0000000080800000, 0x0000000080800000|100%| O|  |TAMS 0x0000000080800000, 0x0000000080700000| Untracked 
|   8|0x0000000080800000, 0x0000000080900000, 0x0000000080900000|100%| O|  |TAMS 0x0000000080900000, 0x0000000080800000| Untracked 
|   9|0x0000000080900000, 0x0000000080a00000, 0x0000000080a00000|100%| O|  |TAMS 0x0000000080a00000, 0x0000000080900000| Untracked 
|  10|0x0000000080a00000, 0x0000000080b00000, 0x0000000080b00000|100%| O|  |TAMS 0x0000000080b00000, 0x0000000080a00000| Untracked 
|  11|0x0000000080b00000, 0x0000000080c00000, 0x0000000080c00000|100%| O|  |TAMS 0x0000000080c00000, 0x0000000080b00000| Untracked 
|  12|0x0000000080c00000, 0x0000000080d00000, 0x0000000080d00000|100%| O|  |TAMS 0x0000000080d00000, 0x0000000080c00000| Untracked 
|  13|0x0000000080d00000, 0x0000000080e00000, 0x0000000080e00000|100%| O|  |TAMS 0x0000000080e00000, 0x0000000080d00000| Untracked 
|  14|0x0000000080e00000, 0x0000000080f00000, 0x0000000080f00000|100%| O|  |TAMS 0x0000000080f00000, 0x0000000080e00000| Untracked 
|  15|0x0000000080f00000, 0x0000000081000000, 0x0000000081000000|100%| O|  |TAMS 0x0000000081000000, 0x0000000080f00000| Untracked 
|  16|0x0000000081000000, 0x0000000081100000, 0x0000000081100000|100%|HS|  |TAMS 0x0000000081100000, 0x0000000081000000| Complete 
|  17|0x0000000081100000, 0x0000000081200000, 0x0000000081200000|100%|HS|  |TAMS 0x0000000081200000, 0x0000000081100000| Complete 
|  18|0x0000000081200000, 0x0000000081300000, 0x0000000081300000|100%|HS|  |TAMS 0x0000000081300000, 0x0000000081200000| Complete 
|  19|0x0000000081300000, 0x0000000081400000, 0x0000000081400000|100%|HC|  |TAMS 0x0000000081400000, 0x0000000081300000| Complete 
|  20|0x0000000081400000, 0x0000000081500000, 0x0000000081500000|100%| O|  |TAMS 0x0000000081500000, 0x0000000081400000| Untracked 
|  21|0x0000000081500000, 0x0000000081600000, 0x0000000081600000|100%| O|  |TAMS 0x0000000081600000, 0x0000000081500000| Untracked 
|  22|0x0000000081600000, 0x0000000081700000, 0x0000000081700000|100%| O|  |TAMS 0x0000000081700000, 0x0000000081600000| Untracked 
|  23|0x0000000081700000, 0x0000000081800000, 0x0000000081800000|100%| O|  |TAMS 0x0000000081800000, 0x0000000081700000| Untracked 
|  24|0x0000000081800000, 0x0000000081900000, 0x0000000081900000|100%| O|  |TAMS 0x0000000081900000, 0x0000000081800000| Untracked 
|  25|0x0000000081900000, 0x0000000081a00000, 0x0000000081a00000|100%| O|  |TAMS 0x0000000081a00000, 0x0000000081900000| Untracked 
|  26|0x0000000081a00000, 0x0000000081b00000, 0x0000000081b00000|100%| O|  |TAMS 0x0000000081b00000, 0x0000000081a00000| Untracked 
|  27|0x0000000081b00000, 0x0000000081c00000, 0x0000000081c00000|100%| O|  |TAMS 0x0000000081c00000, 0x0000000081b00000| Untracked 
|  28|0x0000000081c00000, 0x0000000081d00000, 0x0000000081d00000|100%| O|  |TAMS 0x0000000081d00000, 0x0000000081c00000| Untracked 
|  29|0x0000000081d00000, 0x0000000081e00000, 0x0000000081e00000|100%| O|  |TAMS 0x0000000081e00000, 0x0000000081d00000| Untracked 
|  30|0x0000000081e00000, 0x0000000081f00000, 0x0000000081f00000|100%| O|  |TAMS 0x0000000081f00000, 0x0000000081e00000| Untracked 
|  31|0x0000000081f00000, 0x0000000082000000, 0x0000000082000000|100%| O|  |TAMS 0x0000000082000000, 0x0000000081f00000| Untracked 
|  32|0x0000000082000000, 0x0000000082100000, 0x0000000082100000|100%| O|  |TAMS 0x0000000082100000, 0x0000000082000000| Untracked 
|  33|0x0000000082100000, 0x0000000082200000, 0x0000000082200000|100%| O|  |TAMS 0x0000000082200000, 0x0000000082100000| Untracked 
|  34|0x0000000082200000, 0x0000000082300000, 0x0000000082300000|100%| O|  |TAMS 0x0000000082300000, 0x0000000082200000| Untracked 
|  35|0x0000000082300000, 0x0000000082400000, 0x0000000082400000|100%| O|  |TAMS 0x0000000082400000, 0x0000000082300000| Untracked 
|  36|0x0000000082400000, 0x0000000082500000, 0x0000000082500000|100%| O|  |TAMS 0x0000000082500000, 0x0000000082400000| Untracked 
|  37|0x0000000082500000, 0x0000000082600000, 0x0000000082600000|100%| O|  |TAMS 0x0000000082600000, 0x0000000082500000| Untracked 
|  38|0x0000000082600000, 0x0000000082700000, 0x0000000082700000|100%| O|  |TAMS 0x0000000082700000, 0x0000000082600000| Untracked 
|  39|0x0000000082700000, 0x0000000082800000, 0x0000000082800000|100%| O|  |TAMS 0x0000000082800000, 0x0000000082700000| Untracked 
|  40|0x0000000082800000, 0x000000008287be00, 0x0000000082900000| 48%| O|  |TAMS 0x000000008287be00, 0x0000000082800000| Untracked 
|  41|0x0000000082900000, 0x0000000082900000, 0x0000000082a00000|  0%| F|  |TAMS 0x0000000082900000, 0x0000000082900000| Untracked 
|  42|0x0000000082a00000, 0x0000000082a00000, 0x0000000082b00000|  0%| F|  |TAMS 0x0000000082a00000, 0x0000000082a00000| Untracked 
|  43|0x0000000082b00000, 0x0000000082b00000, 0x0000000082c00000|  0%| F|  |TAMS 0x0000000082b00000, 0x0000000082b00000| Untracked 
|  44|0x0000000082c00000, 0x0000000082c00000, 0x0000000082d00000|  0%| F|  |TAMS 0x0000000082c00000, 0x0000000082c00000| Untracked 
|  45|0x0000000082d00000, 0x0000000082d00000, 0x0000000082e00000|  0%| F|  |TAMS 0x0000000082d00000, 0x0000000082d00000| Untracked 
|  46|0x0000000082e00000, 0x0000000082e00000, 0x0000000082f00000|  0%| F|  |TAMS 0x0000000082e00000, 0x0000000082e00000| Untracked 
|  47|0x0000000082f00000, 0x0000000082f00000, 0x0000000083000000|  0%| F|  |TAMS 0x0000000082f00000, 0x0000000082f00000| Untracked 
|  48|0x0000000083000000, 0x0000000083000000, 0x0000000083100000|  0%| F|  |TAMS 0x0000000083000000, 0x0000000083000000| Untracked 
|  49|0x0000000083100000, 0x0000000083100000, 0x0000000083200000|  0%| F|  |TAMS 0x0000000083100000, 0x0000000083100000| Untracked 
|  50|0x0000000083200000, 0x0000000083200000, 0x0000000083300000|  0%| F|  |TAMS 0x0000000083200000, 0x0000000083200000| Untracked 
|  51|0x0000000083300000, 0x0000000083300000, 0x0000000083400000|  0%| F|  |TAMS 0x0000000083300000, 0x0000000083300000| Untracked 
|  52|0x0000000083400000, 0x0000000083400000, 0x0000000083500000|  0%| F|  |TAMS 0x0000000083400000, 0x0000000083400000| Untracked 
|  53|0x0000000083500000, 0x0000000083500000, 0x0000000083600000|  0%| F|  |TAMS 0x0000000083500000, 0x0000000083500000| Untracked 
|  54|0x0000000083600000, 0x0000000083600000, 0x0000000083700000|  0%| F|  |TAMS 0x0000000083600000, 0x0000000083600000| Untracked 
|  55|0x0000000083700000, 0x0000000083700000, 0x0000000083800000|  0%| F|  |TAMS 0x0000000083700000, 0x0000000083700000| Untracked 
|  56|0x0000000083800000, 0x0000000083800000, 0x0000000083900000|  0%| F|  |TAMS 0x0000000083800000, 0x0000000083800000| Untracked 
|  57|0x0000000083900000, 0x0000000083900000, 0x0000000083a00000|  0%| F|  |TAMS 0x0000000083900000, 0x0000000083900000| Untracked 
|  58|0x0000000083a00000, 0x0000000083a00000, 0x0000000083b00000|  0%| F|  |TAMS 0x0000000083a00000, 0x0000000083a00000| Untracked 
|  59|0x0000000083b00000, 0x0000000083b00000, 0x0000000083c00000|  0%| F|  |TAMS 0x0000000083b00000, 0x0000000083b00000| Untracked 
|  60|0x0000000083c00000, 0x0000000083c00000, 0x0000000083d00000|  0%| F|  |TAMS 0x0000000083c00000, 0x0000000083c00000| Untracked 
|  61|0x0000000083d00000, 0x0000000083d00000, 0x0000000083e00000|  0%| F|  |TAMS 0x0000000083d00000, 0x0000000083d00000| Untracked 
|  62|0x0000000083e00000, 0x0000000083e00000, 0x0000000083f00000|  0%| F|  |TAMS 0x0000000083e00000, 0x0000000083e00000| Untracked 
|  63|0x0000000083f00000, 0x0000000083f00000, 0x0000000084000000|  0%| F|  |TAMS 0x0000000083f00000, 0x0000000083f00000| Untracked 
|  64|0x0000000084000000, 0x0000000084000000, 0x0000000084100000|  0%| F|  |TAMS 0x0000000084000000, 0x0000000084000000| Untracked 
|  65|0x0000000084100000, 0x0000000084100000, 0x0000000084200000|  0%| F|  |TAMS 0x0000000084100000, 0x0000000084100000| Untracked 
|  66|0x0000000084200000, 0x0000000084200000, 0x0000000084300000|  0%| F|  |TAMS 0x0000000084200000, 0x0000000084200000| Untracked 
|  67|0x0000000084300000, 0x0000000084300000, 0x0000000084400000|  0%| F|  |TAMS 0x0000000084300000, 0x0000000084300000| Untracked 
|  68|0x0000000084400000, 0x0000000084400000, 0x0000000084500000|  0%| F|  |TAMS 0x0000000084400000, 0x0000000084400000| Untracked 
|  69|0x0000000084500000, 0x0000000084500000, 0x0000000084600000|  0%| F|  |TAMS 0x0000000084500000, 0x0000000084500000| Untracked 
|  70|0x0000000084600000, 0x0000000084600000, 0x0000000084700000|  0%| F|  |TAMS 0x0000000084600000, 0x0000000084600000| Untracked 
|  71|0x0000000084700000, 0x0000000084700000, 0x0000000084800000|  0%| F|  |TAMS 0x0000000084700000, 0x0000000084700000| Untracked 
|  72|0x0000000084800000, 0x0000000084800000, 0x0000000084900000|  0%| F|  |TAMS 0x0000000084800000, 0x0000000084800000| Untracked 
|  73|0x0000000084900000, 0x0000000084900000, 0x0000000084a00000|  0%| F|  |TAMS 0x0000000084900000, 0x0000000084900000| Untracked 
|  74|0x0000000084a00000, 0x0000000084a00000, 0x0000000084b00000|  0%| F|  |TAMS 0x0000000084a00000, 0x0000000084a00000| Untracked 
|  75|0x0000000084b00000, 0x0000000084b00000, 0x0000000084c00000|  0%| F|  |TAMS 0x0000000084b00000, 0x0000000084b00000| Untracked 
|  76|0x0000000084c00000, 0x0000000084c00000, 0x0000000084d00000|  0%| F|  |TAMS 0x0000000084c00000, 0x0000000084c00000| Untracked 
|  77|0x0000000084d00000, 0x0000000084d00000, 0x0000000084e00000|  0%| F|  |TAMS 0x0000000084d00000, 0x0000000084d00000| Untracked 
|  78|0x0000000084e00000, 0x0000000084e00000, 0x0000000084f00000|  0%| F|  |TAMS 0x0000000084e00000, 0x0000000084e00000| Untracked 
|  79|0x0000000084f00000, 0x0000000084f00000, 0x0000000085000000|  0%| F|  |TAMS 0x0000000084f00000, 0x0000000084f00000| Untracked 
|  80|0x0000000085000000, 0x0000000085000000, 0x0000000085100000|  0%| F|  |TAMS 0x0000000085000000, 0x0000000085000000| Untracked 
|  81|0x0000000085100000, 0x0000000085100000, 0x0000000085200000|  0%| F|  |TAMS 0x0000000085100000, 0x0000000085100000| Untracked 
|  82|0x0000000085200000, 0x0000000085200000, 0x0000000085300000|  0%| F|  |TAMS 0x0000000085200000, 0x0000000085200000| Untracked 
|  83|0x0000000085300000, 0x0000000085300000, 0x0000000085400000|  0%| F|  |TAMS 0x0000000085300000, 0x0000000085300000| Untracked 
|  84|0x0000000085400000, 0x0000000085400000, 0x0000000085500000|  0%| F|  |TAMS 0x0000000085400000, 0x0000000085400000| Untracked 
|  85|0x0000000085500000, 0x0000000085500000, 0x0000000085600000|  0%| F|  |TAMS 0x0000000085500000, 0x0000000085500000| Untracked 
|  86|0x0000000085600000, 0x0000000085600000, 0x0000000085700000|  0%| F|  |TAMS 0x0000000085600000, 0x0000000085600000| Untracked 
|  87|0x0000000085700000, 0x0000000085700000, 0x0000000085800000|  0%| F|  |TAMS 0x0000000085700000, 0x0000000085700000| Untracked 
|  88|0x0000000085800000, 0x0000000085800000, 0x0000000085900000|  0%| F|  |TAMS 0x0000000085800000, 0x0000000085800000| Untracked 
|  89|0x0000000085900000, 0x0000000085900000, 0x0000000085a00000|  0%| F|  |TAMS 0x0000000085900000, 0x0000000085900000| Untracked 
|  90|0x0000000085a00000, 0x0000000085a00000, 0x0000000085b00000|  0%| F|  |TAMS 0x0000000085a00000, 0x0000000085a00000| Untracked 
|  91|0x0000000085b00000, 0x0000000085b00000, 0x0000000085c00000|  0%| F|  |TAMS 0x0000000085b00000, 0x0000000085b00000| Untracked 
|  92|0x0000000085c00000, 0x0000000085c00000, 0x0000000085d00000|  0%| F|  |TAMS 0x0000000085c00000, 0x0000000085c00000| Untracked 
|  93|0x0000000085d00000, 0x0000000085d00000, 0x0000000085e00000|  0%| F|  |TAMS 0x0000000085d00000, 0x0000000085d00000| Untracked 
|  94|0x0000000085e00000, 0x0000000085e00000, 0x0000000085f00000|  0%| F|  |TAMS 0x0000000085e00000, 0x0000000085e00000| Untracked 
|  95|0x0000000085f00000, 0x0000000085f00000, 0x0000000086000000|  0%| F|  |TAMS 0x0000000085f00000, 0x0000000085f00000| Untracked 
|  96|0x0000000086000000, 0x0000000086000000, 0x0000000086100000|  0%| F|  |TAMS 0x0000000086000000, 0x0000000086000000| Untracked 
|  97|0x0000000086100000, 0x0000000086100000, 0x0000000086200000|  0%| F|  |TAMS 0x0000000086100000, 0x0000000086100000| Untracked 
|  98|0x0000000086200000, 0x0000000086200000, 0x0000000086300000|  0%| F|  |TAMS 0x0000000086200000, 0x0000000086200000| Untracked 
|  99|0x0000000086300000, 0x0000000086300000, 0x0000000086400000|  0%| F|  |TAMS 0x0000000086300000, 0x0000000086300000| Untracked 
| 100|0x0000000086400000, 0x0000000086400000, 0x0000000086500000|  0%| F|  |TAMS 0x0000000086400000, 0x0000000086400000| Untracked 
| 101|0x0000000086500000, 0x0000000086500000, 0x0000000086600000|  0%| F|  |TAMS 0x0000000086500000, 0x0000000086500000| Untracked 
| 102|0x0000000086600000, 0x0000000086600000, 0x0000000086700000|  0%| F|  |TAMS 0x0000000086600000, 0x0000000086600000| Untracked 
| 103|0x0000000086700000, 0x0000000086700000, 0x0000000086800000|  0%| F|  |TAMS 0x0000000086700000, 0x0000000086700000| Untracked 
| 104|0x0000000086800000, 0x0000000086800000, 0x0000000086900000|  0%| F|  |TAMS 0x0000000086800000, 0x0000000086800000| Untracked 
| 105|0x0000000086900000, 0x0000000086900000, 0x0000000086a00000|  0%| F|  |TAMS 0x0000000086900000, 0x0000000086900000| Untracked 
| 106|0x0000000086a00000, 0x0000000086a00000, 0x0000000086b00000|  0%| F|  |TAMS 0x0000000086a00000, 0x0000000086a00000| Untracked 
| 107|0x0000000086b00000, 0x0000000086b00000, 0x0000000086c00000|  0%| F|  |TAMS 0x0000000086b00000, 0x0000000086b00000| Untracked 
| 108|0x0000000086c00000, 0x0000000086cfe0c0, 0x0000000086d00000| 99%| S|CS|TAMS 0x0000000086c00000, 0x0000000086c00000| Complete 
| 109|0x0000000086d00000, 0x0000000086e00000, 0x0000000086e00000|100%| S|CS|TAMS 0x0000000086d00000, 0x0000000086d00000| Complete 
| 110|0x0000000086e00000, 0x0000000086f00000, 0x0000000086f00000|100%| S|CS|TAMS 0x0000000086e00000, 0x0000000086e00000| Complete 
| 111|0x0000000086f00000, 0x0000000087000000, 0x0000000087000000|100%| S|CS|TAMS 0x0000000086f00000, 0x0000000086f00000| Complete 
| 112|0x0000000087000000, 0x0000000087100000, 0x0000000087100000|100%| S|CS|TAMS 0x0000000087000000, 0x0000000087000000| Complete 
| 113|0x0000000087100000, 0x0000000087200000, 0x0000000087200000|100%| S|CS|TAMS 0x0000000087100000, 0x0000000087100000| Complete 
| 114|0x0000000087200000, 0x0000000087300000, 0x0000000087300000|100%| S|CS|TAMS 0x0000000087200000, 0x0000000087200000| Complete 
| 115|0x0000000087300000, 0x0000000087400000, 0x0000000087400000|100%| S|CS|TAMS 0x0000000087300000, 0x0000000087300000| Complete 
| 116|0x0000000087400000, 0x0000000087500000, 0x0000000087500000|100%| S|CS|TAMS 0x0000000087400000, 0x0000000087400000| Complete 
| 117|0x0000000087500000, 0x0000000087600000, 0x0000000087600000|100%| S|CS|TAMS 0x0000000087500000, 0x0000000087500000| Complete 
| 118|0x0000000087600000, 0x0000000087700000, 0x0000000087700000|100%| S|CS|TAMS 0x0000000087600000, 0x0000000087600000| Complete 
| 119|0x0000000087700000, 0x0000000087700000, 0x0000000087800000|  0%| F|  |TAMS 0x0000000087700000, 0x0000000087700000| Untracked 
| 120|0x0000000087800000, 0x0000000087800000, 0x0000000087900000|  0%| F|  |TAMS 0x0000000087800000, 0x0000000087800000| Untracked 
| 121|0x0000000087900000, 0x0000000087900000, 0x0000000087a00000|  0%| F|  |TAMS 0x0000000087900000, 0x0000000087900000| Untracked 
| 122|0x0000000087a00000, 0x0000000087a00000, 0x0000000087b00000|  0%| F|  |TAMS 0x0000000087a00000, 0x0000000087a00000| Untracked 
| 123|0x0000000087b00000, 0x0000000087b00000, 0x0000000087c00000|  0%| F|  |TAMS 0x0000000087b00000, 0x0000000087b00000| Untracked 
| 124|0x0000000087c00000, 0x0000000087c00000, 0x0000000087d00000|  0%| F|  |TAMS 0x0000000087c00000, 0x0000000087c00000| Untracked 
| 125|0x0000000087d00000, 0x0000000087d00000, 0x0000000087e00000|  0%| F|  |TAMS 0x0000000087d00000, 0x0000000087d00000| Untracked 
| 126|0x0000000087e00000, 0x0000000087e00000, 0x0000000087f00000|  0%| F|  |TAMS 0x0000000087e00000, 0x0000000087e00000| Untracked 
| 127|0x0000000087f00000, 0x0000000087f00000, 0x0000000088000000|  0%| F|  |TAMS 0x0000000087f00000, 0x0000000087f00000| Untracked 
| 128|0x0000000088000000, 0x0000000088000000, 0x0000000088100000|  0%| F|  |TAMS 0x0000000088000000, 0x0000000088000000| Untracked 
| 129|0x0000000088100000, 0x0000000088100000, 0x0000000088200000|  0%| F|  |TAMS 0x0000000088100000, 0x0000000088100000| Untracked 
| 130|0x0000000088200000, 0x0000000088200000, 0x0000000088300000|  0%| F|  |TAMS 0x0000000088200000, 0x0000000088200000| Untracked 
| 131|0x0000000088300000, 0x0000000088300000, 0x0000000088400000|  0%| F|  |TAMS 0x0000000088300000, 0x0000000088300000| Untracked 
| 132|0x0000000088400000, 0x0000000088400000, 0x0000000088500000|  0%| F|  |TAMS 0x0000000088400000, 0x0000000088400000| Untracked 
| 133|0x0000000088500000, 0x0000000088500000, 0x0000000088600000|  0%| F|  |TAMS 0x0000000088500000, 0x0000000088500000| Untracked 
| 134|0x0000000088600000, 0x0000000088600000, 0x0000000088700000|  0%| F|  |TAMS 0x0000000088600000, 0x0000000088600000| Untracked 
| 135|0x0000000088700000, 0x0000000088700000, 0x0000000088800000|  0%| F|  |TAMS 0x0000000088700000, 0x0000000088700000| Untracked 
| 136|0x0000000088800000, 0x0000000088800000, 0x0000000088900000|  0%| F|  |TAMS 0x0000000088800000, 0x0000000088800000| Untracked 
| 137|0x0000000088900000, 0x0000000088900000, 0x0000000088a00000|  0%| F|  |TAMS 0x0000000088900000, 0x0000000088900000| Untracked 
| 138|0x0000000088a00000, 0x0000000088ad67d8, 0x0000000088b00000| 83%| E|  |TAMS 0x0000000088a00000, 0x0000000088a00000| Complete 
| 139|0x0000000088b00000, 0x0000000088c00000, 0x0000000088c00000|100%| E|CS|TAMS 0x0000000088b00000, 0x0000000088b00000| Complete 
| 140|0x0000000088c00000, 0x0000000088d00000, 0x0000000088d00000|100%| E|CS|TAMS 0x0000000088c00000, 0x0000000088c00000| Complete 
| 141|0x0000000088d00000, 0x0000000088e00000, 0x0000000088e00000|100%| E|CS|TAMS 0x0000000088d00000, 0x0000000088d00000| Complete 
| 142|0x0000000088e00000, 0x0000000088f00000, 0x0000000088f00000|100%| E|CS|TAMS 0x0000000088e00000, 0x0000000088e00000| Complete 
| 143|0x0000000088f00000, 0x0000000089000000, 0x0000000089000000|100%| E|CS|TAMS 0x0000000088f00000, 0x0000000088f00000| Complete 
| 144|0x0000000089000000, 0x0000000089100000, 0x0000000089100000|100%| E|CS|TAMS 0x0000000089000000, 0x0000000089000000| Complete 
| 145|0x0000000089100000, 0x0000000089200000, 0x0000000089200000|100%| E|CS|TAMS 0x0000000089100000, 0x0000000089100000| Complete 
| 146|0x0000000089200000, 0x0000000089300000, 0x0000000089300000|100%| E|CS|TAMS 0x0000000089200000, 0x0000000089200000| Complete 
| 147|0x0000000089300000, 0x0000000089400000, 0x0000000089400000|100%| E|CS|TAMS 0x0000000089300000, 0x0000000089300000| Complete 
| 148|0x0000000089400000, 0x0000000089500000, 0x0000000089500000|100%| E|CS|TAMS 0x0000000089400000, 0x0000000089400000| Complete 
| 149|0x0000000089500000, 0x0000000089600000, 0x0000000089600000|100%| E|CS|TAMS 0x0000000089500000, 0x0000000089500000| Complete 
| 150|0x0000000089600000, 0x0000000089700000, 0x0000000089700000|100%| E|CS|TAMS 0x0000000089600000, 0x0000000089600000| Complete 
| 151|0x0000000089700000, 0x0000000089800000, 0x0000000089800000|100%| E|CS|TAMS 0x0000000089700000, 0x0000000089700000| Complete 
| 152|0x0000000089800000, 0x0000000089900000, 0x0000000089900000|100%| E|CS|TAMS 0x0000000089800000, 0x0000000089800000| Complete 
| 153|0x0000000089900000, 0x0000000089a00000, 0x0000000089a00000|100%| E|CS|TAMS 0x0000000089900000, 0x0000000089900000| Complete 
| 154|0x0000000089a00000, 0x0000000089b00000, 0x0000000089b00000|100%| E|CS|TAMS 0x0000000089a00000, 0x0000000089a00000| Complete 
| 155|0x0000000089b00000, 0x0000000089c00000, 0x0000000089c00000|100%| E|CS|TAMS 0x0000000089b00000, 0x0000000089b00000| Complete 
| 156|0x0000000089c00000, 0x0000000089d00000, 0x0000000089d00000|100%| E|CS|TAMS 0x0000000089c00000, 0x0000000089c00000| Complete 
| 157|0x0000000089d00000, 0x0000000089e00000, 0x0000000089e00000|100%| E|CS|TAMS 0x0000000089d00000, 0x0000000089d00000| Complete 
| 158|0x0000000089e00000, 0x0000000089f00000, 0x0000000089f00000|100%| E|CS|TAMS 0x0000000089e00000, 0x0000000089e00000| Complete 
| 159|0x0000000089f00000, 0x000000008a000000, 0x000000008a000000|100%| E|CS|TAMS 0x0000000089f00000, 0x0000000089f00000| Complete 
| 160|0x000000008a000000, 0x000000008a100000, 0x000000008a100000|100%| E|CS|TAMS 0x000000008a000000, 0x000000008a000000| Complete 
| 161|0x000000008a100000, 0x000000008a200000, 0x000000008a200000|100%| E|CS|TAMS 0x000000008a100000, 0x000000008a100000| Complete 
| 162|0x000000008a200000, 0x000000008a300000, 0x000000008a300000|100%| E|CS|TAMS 0x000000008a200000, 0x000000008a200000| Complete 
| 163|0x000000008a300000, 0x000000008a400000, 0x000000008a400000|100%| E|CS|TAMS 0x000000008a300000, 0x000000008a300000| Complete 
| 164|0x000000008a400000, 0x000000008a500000, 0x000000008a500000|100%| E|CS|TAMS 0x000000008a400000, 0x000000008a400000| Complete 
| 165|0x000000008a500000, 0x000000008a600000, 0x000000008a600000|100%| E|CS|TAMS 0x000000008a500000, 0x000000008a500000| Complete 
| 166|0x000000008a600000, 0x000000008a700000, 0x000000008a700000|100%| E|CS|TAMS 0x000000008a600000, 0x000000008a600000| Complete 
| 167|0x000000008a700000, 0x000000008a800000, 0x000000008a800000|100%| E|CS|TAMS 0x000000008a700000, 0x000000008a700000| Complete 
| 168|0x000000008a800000, 0x000000008a900000, 0x000000008a900000|100%| E|CS|TAMS 0x000000008a800000, 0x000000008a800000| Complete 
| 169|0x000000008a900000, 0x000000008aa00000, 0x000000008aa00000|100%| E|CS|TAMS 0x000000008a900000, 0x000000008a900000| Complete 
| 170|0x000000008aa00000, 0x000000008ab00000, 0x000000008ab00000|100%| E|CS|TAMS 0x000000008aa00000, 0x000000008aa00000| Complete 
| 171|0x000000008ab00000, 0x000000008ac00000, 0x000000008ac00000|100%| E|CS|TAMS 0x000000008ab00000, 0x000000008ab00000| Complete 
| 172|0x000000008ac00000, 0x000000008ad00000, 0x000000008ad00000|100%| E|CS|TAMS 0x000000008ac00000, 0x000000008ac00000| Complete 
| 173|0x000000008ad00000, 0x000000008ae00000, 0x000000008ae00000|100%| E|CS|TAMS 0x000000008ad00000, 0x000000008ad00000| Complete 
| 174|0x000000008ae00000, 0x000000008af00000, 0x000000008af00000|100%| E|CS|TAMS 0x000000008ae00000, 0x000000008ae00000| Complete 
| 175|0x000000008af00000, 0x000000008b000000, 0x000000008b000000|100%| E|CS|TAMS 0x000000008af00000, 0x000000008af00000| Complete 
| 176|0x000000008b000000, 0x000000008b100000, 0x000000008b100000|100%| E|CS|TAMS 0x000000008b000000, 0x000000008b000000| Complete 
| 177|0x000000008b100000, 0x000000008b200000, 0x000000008b200000|100%| E|CS|TAMS 0x000000008b100000, 0x000000008b100000| Complete 
| 178|0x000000008b200000, 0x000000008b300000, 0x000000008b300000|100%| E|CS|TAMS 0x000000008b200000, 0x000000008b200000| Complete 
| 179|0x000000008b300000, 0x000000008b400000, 0x000000008b400000|100%| E|CS|TAMS 0x000000008b300000, 0x000000008b300000| Complete 
| 180|0x000000008b400000, 0x000000008b500000, 0x000000008b500000|100%| E|CS|TAMS 0x000000008b400000, 0x000000008b400000| Complete 
| 181|0x000000008b500000, 0x000000008b600000, 0x000000008b600000|100%| E|CS|TAMS 0x000000008b500000, 0x000000008b500000| Complete 
| 182|0x000000008b600000, 0x000000008b700000, 0x000000008b700000|100%| E|CS|TAMS 0x000000008b600000, 0x000000008b600000| Complete 
| 183|0x000000008b700000, 0x000000008b800000, 0x000000008b800000|100%| E|CS|TAMS 0x000000008b700000, 0x000000008b700000| Complete 
| 184|0x000000008b800000, 0x000000008b900000, 0x000000008b900000|100%| E|CS|TAMS 0x000000008b800000, 0x000000008b800000| Complete 
| 185|0x000000008b900000, 0x000000008ba00000, 0x000000008ba00000|100%| E|CS|TAMS 0x000000008b900000, 0x000000008b900000| Complete 
| 186|0x000000008ba00000, 0x000000008bb00000, 0x000000008bb00000|100%| E|CS|TAMS 0x000000008ba00000, 0x000000008ba00000| Complete 
| 187|0x000000008bb00000, 0x000000008bc00000, 0x000000008bc00000|100%| E|CS|TAMS 0x000000008bb00000, 0x000000008bb00000| Complete 
| 188|0x000000008bc00000, 0x000000008bd00000, 0x000000008bd00000|100%| E|CS|TAMS 0x000000008bc00000, 0x000000008bc00000| Complete 
| 189|0x000000008bd00000, 0x000000008be00000, 0x000000008be00000|100%| E|CS|TAMS 0x000000008bd00000, 0x000000008bd00000| Complete 
| 190|0x000000008be00000, 0x000000008bf00000, 0x000000008bf00000|100%| E|CS|TAMS 0x000000008be00000, 0x000000008be00000| Complete 
| 191|0x000000008bf00000, 0x000000008c000000, 0x000000008c000000|100%| E|CS|TAMS 0x000000008bf00000, 0x000000008bf00000| Complete 
| 192|0x000000008c000000, 0x000000008c100000, 0x000000008c100000|100%| E|CS|TAMS 0x000000008c000000, 0x000000008c000000| Complete 
| 193|0x000000008c100000, 0x000000008c200000, 0x000000008c200000|100%| E|CS|TAMS 0x000000008c100000, 0x000000008c100000| Complete 
| 194|0x000000008c200000, 0x000000008c300000, 0x000000008c300000|100%| E|CS|TAMS 0x000000008c200000, 0x000000008c200000| Complete 
| 195|0x000000008c300000, 0x000000008c400000, 0x000000008c400000|100%| E|CS|TAMS 0x000000008c300000, 0x000000008c300000| Complete 
| 196|0x000000008c400000, 0x000000008c500000, 0x000000008c500000|100%| E|CS|TAMS 0x000000008c400000, 0x000000008c400000| Complete 
| 197|0x000000008c500000, 0x000000008c600000, 0x000000008c600000|100%| E|CS|TAMS 0x000000008c500000, 0x000000008c500000| Complete 
| 198|0x000000008c600000, 0x000000008c700000, 0x000000008c700000|100%| E|CS|TAMS 0x000000008c600000, 0x000000008c600000| Complete 
| 199|0x000000008c700000, 0x000000008c800000, 0x000000008c800000|100%| E|CS|TAMS 0x000000008c700000, 0x000000008c700000| Complete 
| 200|0x000000008c800000, 0x000000008c900000, 0x000000008c900000|100%| E|CS|TAMS 0x000000008c800000, 0x000000008c800000| Complete 
| 201|0x000000008c900000, 0x000000008ca00000, 0x000000008ca00000|100%| E|CS|TAMS 0x000000008c900000, 0x000000008c900000| Complete 
| 202|0x000000008ca00000, 0x000000008cb00000, 0x000000008cb00000|100%| E|CS|TAMS 0x000000008ca00000, 0x000000008ca00000| Complete 
| 203|0x000000008cb00000, 0x000000008cc00000, 0x000000008cc00000|100%| E|CS|TAMS 0x000000008cb00000, 0x000000008cb00000| Complete 
| 204|0x000000008cc00000, 0x000000008cd00000, 0x000000008cd00000|100%| E|CS|TAMS 0x000000008cc00000, 0x000000008cc00000| Complete 
| 205|0x000000008cd00000, 0x000000008ce00000, 0x000000008ce00000|100%| E|CS|TAMS 0x000000008cd00000, 0x000000008cd00000| Complete 
| 206|0x000000008ce00000, 0x000000008cf00000, 0x000000008cf00000|100%| E|CS|TAMS 0x000000008ce00000, 0x000000008ce00000| Complete 
| 207|0x000000008cf00000, 0x000000008d000000, 0x000000008d000000|100%| E|CS|TAMS 0x000000008cf00000, 0x000000008cf00000| Complete 
| 208|0x000000008d000000, 0x000000008d100000, 0x000000008d100000|100%| E|CS|TAMS 0x000000008d000000, 0x000000008d000000| Complete 
| 209|0x000000008d100000, 0x000000008d200000, 0x000000008d200000|100%| E|CS|TAMS 0x000000008d100000, 0x000000008d100000| Complete 
| 210|0x000000008d200000, 0x000000008d300000, 0x000000008d300000|100%| E|CS|TAMS 0x000000008d200000, 0x000000008d200000| Complete 
| 211|0x000000008d300000, 0x000000008d400000, 0x000000008d400000|100%| E|CS|TAMS 0x000000008d300000, 0x000000008d300000| Complete 
| 212|0x000000008d400000, 0x000000008d500000, 0x000000008d500000|100%| E|CS|TAMS 0x000000008d400000, 0x000000008d400000| Complete 
| 213|0x000000008d500000, 0x000000008d600000, 0x000000008d600000|100%| E|CS|TAMS 0x000000008d500000, 0x000000008d500000| Complete 
| 214|0x000000008d600000, 0x000000008d700000, 0x000000008d700000|100%| E|CS|TAMS 0x000000008d600000, 0x000000008d600000| Complete 
| 215|0x000000008d700000, 0x000000008d800000, 0x000000008d800000|100%| E|CS|TAMS 0x000000008d700000, 0x000000008d700000| Complete 
| 216|0x000000008d800000, 0x000000008d900000, 0x000000008d900000|100%| E|CS|TAMS 0x000000008d800000, 0x000000008d800000| Complete 
| 217|0x000000008d900000, 0x000000008da00000, 0x000000008da00000|100%| E|CS|TAMS 0x000000008d900000, 0x000000008d900000| Complete 
| 218|0x000000008da00000, 0x000000008db00000, 0x000000008db00000|100%| E|CS|TAMS 0x000000008da00000, 0x000000008da00000| Complete 
| 219|0x000000008db00000, 0x000000008dc00000, 0x000000008dc00000|100%| E|CS|TAMS 0x000000008db00000, 0x000000008db00000| Complete 
| 220|0x000000008dc00000, 0x000000008dd00000, 0x000000008dd00000|100%| E|CS|TAMS 0x000000008dc00000, 0x000000008dc00000| Complete 
| 221|0x000000008dd00000, 0x000000008de00000, 0x000000008de00000|100%| E|CS|TAMS 0x000000008dd00000, 0x000000008dd00000| Complete 
| 222|0x000000008de00000, 0x000000008df00000, 0x000000008df00000|100%| E|CS|TAMS 0x000000008de00000, 0x000000008de00000| Complete 
| 223|0x000000008df00000, 0x000000008e000000, 0x000000008e000000|100%| E|CS|TAMS 0x000000008df00000, 0x000000008df00000| Complete 
| 224|0x000000008e000000, 0x000000008e100000, 0x000000008e100000|100%| E|CS|TAMS 0x000000008e000000, 0x000000008e000000| Complete 
| 225|0x000000008e100000, 0x000000008e200000, 0x000000008e200000|100%| E|CS|TAMS 0x000000008e100000, 0x000000008e100000| Complete 
| 226|0x000000008e200000, 0x000000008e300000, 0x000000008e300000|100%| E|CS|TAMS 0x000000008e200000, 0x000000008e200000| Complete 
| 227|0x000000008e300000, 0x000000008e400000, 0x000000008e400000|100%| E|CS|TAMS 0x000000008e300000, 0x000000008e300000| Complete 
| 228|0x000000008e400000, 0x000000008e500000, 0x000000008e500000|100%| E|CS|TAMS 0x000000008e400000, 0x000000008e400000| Complete 
| 229|0x000000008e500000, 0x000000008e600000, 0x000000008e600000|100%| E|CS|TAMS 0x000000008e500000, 0x000000008e500000| Complete 
| 230|0x000000008e600000, 0x000000008e700000, 0x000000008e700000|100%| E|CS|TAMS 0x000000008e600000, 0x000000008e600000| Complete 

Card table byte_map: [0x00000250589f0000,0x0000025058df0000] _byte_map_base: 0x00000250585f0000

Marking Bits (Prev, Next): (CMBitMap*) 0x0000025045b4d658, (CMBitMap*) 0x0000025045b4d690
 Prev Bits: [0x00000250591f0000, 0x000002505b1f0000)
 Next Bits: [0x000002505b1f0000, 0x000002505d1f0000)

Polling page: 0x00000250452e0000

Metaspace:

Usage:
  Non-class:     67.07 MB capacity,    65.90 MB ( 98%) used,   991.80 KB (  1%) free+waste,   204.06 KB ( <1%) overhead. 
      Class:     10.62 MB capacity,     9.94 MB ( 94%) used,   605.95 KB (  6%) free+waste,    95.00 KB ( <1%) overhead. 
       Both:     77.69 MB capacity,    75.84 MB ( 98%) used,     1.56 MB (  2%) free+waste,   299.06 KB ( <1%) overhead. 

Virtual space:
  Non-class space:       68.00 MB reserved,      67.20 MB ( 99%) committed 
      Class space:        1.00 GB reserved,      10.63 MB (  1%) committed 
             Both:        1.07 GB reserved,      77.82 MB (  7%) committed 

Chunk freelists:
   Non-Class:  4.00 KB
       Class:  2.00 KB
        Both:  6.00 KB

MaxMetaspaceSize: 17179869184.00 GB
CompressedClassSpaceSize: 1.00 GB

CodeHeap 'non-profiled nmethods': size=120064Kb used=4722Kb max_used=4722Kb free=115341Kb
 bounds [0x00000250510b0000, 0x0000025051550000, 0x00000250585f0000]
CodeHeap 'profiled nmethods': size=120000Kb used=16088Kb max_used=16088Kb free=103911Kb
 bounds [0x0000025049b80000, 0x000002504ab40000, 0x00000250510b0000]
CodeHeap 'non-nmethods': size=5696Kb used=2272Kb max_used=2343Kb free=3423Kb
 bounds [0x00000250495f0000, 0x0000025049860000, 0x0000025049b80000]
 total_blobs=8307 nmethods=7437 adapters=781
 compilation: enabled
              stopped_count=0, restarted_count=0
 full_count=0

Compilation events (20 events):
Event: 45.088 Thread 0x000002505fff3000 nmethod 7472 0x000002505154c610 code [0x000002505154c7c0, 0x000002505154c878]
Event: 45.089 Thread 0x000002505fff3000 7473       3       java.util.List::spliterator (23 bytes)
Event: 45.089 Thread 0x000002505fff3000 nmethod 7473 0x000002504ab31910 code [0x000002504ab31b00, 0x000002504ab32078]
Event: 45.089 Thread 0x000002505fff3000 7474       3       java.io.ObjectOutputStream$BlockDataOutputStream::writeInt (46 bytes)
Event: 45.089 Thread 0x000002505fff3000 nmethod 7474 0x000002504ab32210 code [0x000002504ab323e0, 0x000002504ab325d8]
Event: 45.245 Thread 0x000002505fff3000 7475       3       org.gradle.cache.Cache$$Lambda$68/0x0000000100185840::apply (9 bytes)
Event: 45.246 Thread 0x000002505fff3000 nmethod 7475 0x000002504ab32710 code [0x000002504ab328e0, 0x000002504ab32ae8]
Event: 45.255 Thread 0x000002505ff8d800 7476       4       java.lang.String::split (324 bytes)
Event: 45.264 Thread 0x000002505fff3000 7477       3       org.gradle.api.internal.artifacts.configurations.DefaultConfiguration::notifyChildren (40 bytes)
Event: 45.264 Thread 0x000002505fff3000 nmethod 7477 0x000002504ab32c10 code [0x000002504ab32e20, 0x000002504ab333d8]
Event: 45.265 Thread 0x000002505fff3000 7478       3       org.gradle.api.internal.artifacts.ivyservice.moduleconverter.DefaultRootComponentMetadataBuilder$MetadataHolder::validateMutation (27 bytes)
Event: 45.265 Thread 0x000002505fff3000 nmethod 7478 0x000002504ab33590 code [0x000002504ab33740, 0x000002504ab33938]
Event: 45.265 Thread 0x000002505fff3000 7479       3       org.gradle.api.internal.notations.ModuleNotationValidation::validate (70 bytes)
Event: 45.267 Thread 0x000002505fff3000 nmethod 7479 0x000002504ab33a10 code [0x000002504ab33ca0, 0x000002504ab34898]
Event: 45.268 Thread 0x000002505fff3000 7480       3       org.gradle.internal.typeconversion.TypedNotationConverter::convert (30 bytes)
Event: 45.269 Thread 0x000002505fff3000 nmethod 7480 0x000002504ab34c90 code [0x000002504ab34ea0, 0x000002504ab35408]
Event: 45.281 Thread 0x000002505fff3000 7481       3       org.gradle.internal.typeconversion.JustReturningParser::parseNotation (31 bytes)
Event: 45.283 Thread 0x000002505fff3000 nmethod 7481 0x000002504ab35610 code [0x000002504ab35800, 0x000002504ab35c68]
Event: 45.294 Thread 0x000002505fff3000 7482       3       org.gradle.internal.Actions::doNothing (4 bytes)
Event: 45.294 Thread 0x000002505fff3000 nmethod 7482 0x000002504ab35e10 code [0x000002504ab35fc0, 0x000002504ab360b8]

GC Heap History (20 events):
Event: 2.148 GC heap before
{Heap before GC invocations=1 (full 0):
 garbage-first heap   total 196608K, used 18645K [0x0000000080000000, 0x0000000100000000)
  region size 1024K, 13 young (13312K), 2 survivors (2048K)
 Metaspace       used 10194K, capacity 10367K, committed 10624K, reserved 1058816K
  class space    used 1064K, capacity 1141K, committed 1152K, reserved 1048576K
}
Event: 2.153 GC heap after
{Heap after GC invocations=2 (full 0):
 garbage-first heap   total 196608K, used 9191K [0x0000000080000000, 0x0000000100000000)
  region size 1024K, 2 young (2048K), 2 survivors (2048K)
 Metaspace       used 10194K, capacity 10367K, committed 10624K, reserved 1058816K
  class space    used 1064K, capacity 1141K, committed 1152K, reserved 1048576K
}
Event: 2.786 GC heap before
{Heap before GC invocations=2 (full 0):
 garbage-first heap   total 196608K, used 34791K [0x0000000080000000, 0x0000000100000000)
  region size 1024K, 27 young (27648K), 2 survivors (2048K)
 Metaspace       used 11122K, capacity 11384K, committed 11520K, reserved 1058816K
  class space    used 1165K, capacity 1245K, committed 1280K, reserved 1048576K
}
Event: 2.788 GC heap after
{Heap after GC invocations=3 (full 0):
 garbage-first heap   total 196608K, used 9976K [0x0000000080000000, 0x0000000100000000)
  region size 1024K, 3 young (3072K), 3 survivors (3072K)
 Metaspace       used 11122K, capacity 11384K, committed 11520K, reserved 1058816K
  class space    used 1165K, capacity 1245K, committed 1280K, reserved 1048576K
}
Event: 4.462 GC heap before
{Heap before GC invocations=3 (full 0):
 garbage-first heap   total 196608K, used 49912K [0x0000000080000000, 0x0000000100000000)
  region size 1024K, 41 young (41984K), 3 survivors (3072K)
 Metaspace       used 16749K, capacity 17206K, committed 17536K, reserved 1064960K
  class space    used 1925K, capacity 2087K, committed 2176K, reserved 1048576K
}
Event: 4.469 GC heap after
{Heap after GC invocations=4 (full 0):
 garbage-first heap   total 196608K, used 15454K [0x0000000080000000, 0x0000000100000000)
  region size 1024K, 6 young (6144K), 6 survivors (6144K)
 Metaspace       used 16749K, capacity 17206K, committed 17536K, reserved 1064960K
  class space    used 1925K, capacity 2087K, committed 2176K, reserved 1048576K
}
Event: 5.105 GC heap before
{Heap before GC invocations=4 (full 0):
 garbage-first heap   total 196608K, used 48222K [0x0000000080000000, 0x0000000100000000)
  region size 1024K, 39 young (39936K), 6 survivors (6144K)
 Metaspace       used 20638K, capacity 21128K, committed 21248K, reserved 1067008K
  class space    used 2521K, capacity 2722K, committed 2816K, reserved 1048576K
}
Event: 5.116 GC heap after
{Heap after GC invocations=5 (full 0):
 garbage-first heap   total 196608K, used 16978K [0x0000000080000000, 0x0000000100000000)
  region size 1024K, 2 young (2048K), 2 survivors (2048K)
 Metaspace       used 20638K, capacity 21128K, committed 21248K, reserved 1067008K
  class space    used 2521K, capacity 2722K, committed 2816K, reserved 1048576K
}
Event: 6.271 GC heap before
{Heap before GC invocations=6 (full 0):
 garbage-first heap   total 196608K, used 73298K [0x0000000080000000, 0x0000000100000000)
  region size 1024K, 57 young (58368K), 2 survivors (2048K)
 Metaspace       used 26143K, capacity 26759K, committed 27008K, reserved 1073152K
  class space    used 3425K, capacity 3668K, committed 3712K, reserved 1048576K
}
Event: 6.277 GC heap after
{Heap after GC invocations=7 (full 0):
 garbage-first heap   total 196608K, used 18705K [0x0000000080000000, 0x0000000100000000)
  region size 1024K, 3 young (3072K), 3 survivors (3072K)
 Metaspace       used 26143K, capacity 26759K, committed 27008K, reserved 1073152K
  class space    used 3425K, capacity 3668K, committed 3712K, reserved 1048576K
}
Event: 8.517 GC heap before
{Heap before GC invocations=7 (full 0):
 garbage-first heap   total 196608K, used 72977K [0x0000000080000000, 0x0000000100000000)
  region size 1024K, 58 young (59392K), 3 survivors (3072K)
 Metaspace       used 35042K, capacity 35802K, committed 35840K, reserved 1081344K
  class space    used 4532K, capacity 4832K, committed 4864K, reserved 1048576K
}
Event: 8.538 GC heap after
{Heap after GC invocations=8 (full 0):
 garbage-first heap   total 196608K, used 22108K [0x0000000080000000, 0x0000000100000000)
  region size 1024K, 7 young (7168K), 7 survivors (7168K)
 Metaspace       used 35042K, capacity 35802K, committed 35840K, reserved 1081344K
  class space    used 4532K, capacity 4832K, committed 4864K, reserved 1048576K
}
Event: 13.597 GC heap before
{Heap before GC invocations=9 (full 0):
 garbage-first heap   total 196608K, used 119388K [0x0000000080000000, 0x0000000100000000)
  region size 1024K, 98 young (100352K), 7 survivors (7168K)
 Metaspace       used 42690K, capacity 43681K, committed 44032K, reserved 1087488K
  class space    used 5419K, capacity 5784K, committed 5888K, reserved 1048576K
}
Event: 13.628 GC heap after
{Heap after GC invocations=10 (full 0):
 garbage-first heap   total 196608K, used 28474K [0x0000000080000000, 0x0000000100000000)
  region size 1024K, 13 young (13312K), 13 survivors (13312K)
 Metaspace       used 42690K, capacity 43681K, committed 44032K, reserved 1087488K
  class space    used 5419K, capacity 5784K, committed 5888K, reserved 1048576K
}
Event: 22.383 GC heap before
{Heap before GC invocations=10 (full 0):
 garbage-first heap   total 196608K, used 137018K [0x0000000080000000, 0x0000000100000000)
  region size 1024K, 115 young (117760K), 13 survivors (13312K)
 Metaspace       used 49911K, capacity 51175K, committed 51456K, reserved 1093632K
  class space    used 6344K, capacity 6792K, committed 6912K, reserved 1048576K
}
Event: 22.450 GC heap after
{Heap after GC invocations=11 (full 0):
 garbage-first heap   total 196608K, used 41730K [0x0000000080000000, 0x0000000100000000)
  region size 1024K, 15 young (15360K), 15 survivors (15360K)
 Metaspace       used 49911K, capacity 51175K, committed 51456K, reserved 1093632K
  class space    used 6344K, capacity 6792K, committed 6912K, reserved 1048576K
}
Event: 26.413 GC heap before
{Heap before GC invocations=11 (full 0):
 garbage-first heap   total 196608K, used 98050K [0x0000000080000000, 0x0000000100000000)
  region size 1024K, 71 young (72704K), 15 survivors (15360K)
 Metaspace       used 58552K, capacity 60050K, committed 60160K, reserved 1101824K
  class space    used 7401K, capacity 7933K, committed 7936K, reserved 1048576K
}
Event: 26.474 GC heap after
{Heap after GC invocations=12 (full 0):
 garbage-first heap   total 236544K, used 45039K [0x0000000080000000, 0x0000000100000000)
  region size 1024K, 4 young (4096K), 4 survivors (4096K)
 Metaspace       used 58552K, capacity 60050K, committed 60160K, reserved 1101824K
  class space    used 7401K, capacity 7933K, committed 7936K, reserved 1048576K
}
Event: 35.456 GC heap before
{Heap before GC invocations=13 (full 0):
 garbage-first heap   total 236544K, used 155631K [0x0000000080000000, 0x0000000100000000)
  region size 1024K, 112 young (114688K), 4 survivors (4096K)
 Metaspace       used 68203K, capacity 69815K, committed 70092K, reserved 1110016K
  class space    used 8803K, capacity 9398K, committed 9472K, reserved 1048576K
}
Event: 35.508 GC heap after
{Heap after GC invocations=14 (full 0):
 garbage-first heap   total 236544K, used 52711K [0x0000000080000000, 0x0000000100000000)
  region size 1024K, 11 young (11264K), 11 survivors (11264K)
 Metaspace       used 68203K, capacity 69815K, committed 70092K, reserved 1110016K
  class space    used 8803K, capacity 9398K, committed 9472K, reserved 1048576K
}

Deoptimization events (20 events):
Event: 44.468 Thread 0x0000025061064000 Uncommon trap: trap_request=0xffffffc6 fr.pc=0x00000250511dba14 relative=0x0000000000000434
Event: 44.468 Thread 0x0000025061064000 Uncommon trap: reason=bimorphic_or_optimized_type_check action=maybe_recompile pc=0x00000250511dba14 method=java.util.Collections$SetFromMap.remove(Ljava/lang/Object;)Z @ 5 c2
Event: 44.468 Thread 0x0000025061064000 DEOPT PACKING pc=0x00000250511dba14 sp=0x0000009ce43fef20
Event: 44.468 Thread 0x0000025061064000 DEOPT UNPACKING pc=0x00000250496178af sp=0x0000009ce43fef08 mode 2
Event: 44.516 Thread 0x00000250658a1000 Uncommon trap: trap_request=0xffffffc6 fr.pc=0x00000250513bd300 relative=0x00000000000006e0
Event: 44.516 Thread 0x00000250658a1000 Uncommon trap: reason=bimorphic_or_optimized_type_check action=maybe_recompile pc=0x00000250513bd300 method=java.util.Arrays.binarySearch0([Ljava/lang/Object;IILjava/lang/Object;Ljava/util/Comparator;)I @ 48 c2
Event: 44.516 Thread 0x00000250658a1000 DEOPT PACKING pc=0x00000250513bd300 sp=0x0000009ce46fe280
Event: 44.516 Thread 0x00000250658a1000 DEOPT UNPACKING pc=0x00000250496178af sp=0x0000009ce46fe200 mode 2
Event: 44.516 Thread 0x00000250658a1000 Uncommon trap: trap_request=0xffffffc6 fr.pc=0x00000250513bd300 relative=0x00000000000006e0
Event: 44.516 Thread 0x00000250658a1000 Uncommon trap: reason=bimorphic_or_optimized_type_check action=maybe_recompile pc=0x00000250513bd300 method=java.util.Arrays.binarySearch0([Ljava/lang/Object;IILjava/lang/Object;Ljava/util/Comparator;)I @ 48 c2
Event: 44.516 Thread 0x00000250658a1000 DEOPT PACKING pc=0x00000250513bd300 sp=0x0000009ce46fe280
Event: 44.516 Thread 0x00000250658a1000 DEOPT UNPACKING pc=0x00000250496178af sp=0x0000009ce46fe200 mode 2
Event: 44.516 Thread 0x00000250658a1000 Uncommon trap: trap_request=0xffffffc6 fr.pc=0x00000250513bd300 relative=0x00000000000006e0
Event: 44.516 Thread 0x00000250658a1000 Uncommon trap: reason=bimorphic_or_optimized_type_check action=maybe_recompile pc=0x00000250513bd300 method=java.util.Arrays.binarySearch0([Ljava/lang/Object;IILjava/lang/Object;Ljava/util/Comparator;)I @ 48 c2
Event: 44.516 Thread 0x00000250658a1000 DEOPT PACKING pc=0x00000250513bd300 sp=0x0000009ce46fe280
Event: 44.516 Thread 0x00000250658a1000 DEOPT UNPACKING pc=0x00000250496178af sp=0x0000009ce46fe200 mode 2
Event: 44.516 Thread 0x00000250658a1000 Uncommon trap: trap_request=0xffffffc6 fr.pc=0x00000250513bd300 relative=0x00000000000006e0
Event: 44.516 Thread 0x00000250658a1000 Uncommon trap: reason=bimorphic_or_optimized_type_check action=maybe_recompile pc=0x00000250513bd300 method=java.util.Arrays.binarySearch0([Ljava/lang/Object;IILjava/lang/Object;Ljava/util/Comparator;)I @ 48 c2
Event: 44.516 Thread 0x00000250658a1000 DEOPT PACKING pc=0x00000250513bd300 sp=0x0000009ce46fe280
Event: 44.516 Thread 0x00000250658a1000 DEOPT UNPACKING pc=0x00000250496178af sp=0x0000009ce46fe200 mode 2

Classes redefined (0 events):
No events

Internal exceptions (20 events):
Event: 42.307 Thread 0x0000025062816800 Implicit null exception at 0x0000025051507504 to 0x0000025051507c84
Event: 42.589 Thread 0x0000025062816800 Exception <a 'java/lang/NoSuchMethodError'{0x000000008bc5e050}: 'int java.lang.invoke.DirectMethodHandle$Holder.invokeStatic(java.lang.Object, java.lang.Object, int, java.lang.Object)'> (0x000000008bc5e050) thrown at [./src/hotspot/share/interpreter/linkResolver.cpp, line 773]
Event: 42.591 Thread 0x0000025062816800 Exception <a 'java/lang/NoSuchMethodError'{0x000000008bc64ef8}: 'java.lang.Object java.lang.invoke.Invokers$Holder.linkToTargetMethod(java.lang.Object, int, java.lang.Object)'> (0x000000008bc64ef8) thrown at [./src/hotspot/share/interpreter/linkResolver.cpp, line 773]
Event: 42.729 Thread 0x0000025062816800 Exception <a 'sun/nio/fs/WindowsException'{0x000000008bb8ff98}> (0x000000008bb8ff98) thrown at [./src/hotspot/share/prims/jni.cpp, line 615]
Event: 42.730 Thread 0x0000025062816800 Exception <a 'sun/nio/fs/WindowsException'{0x000000008bb91080}> (0x000000008bb91080) thrown at [./src/hotspot/share/prims/jni.cpp, line 615]
Event: 42.730 Thread 0x0000025062816800 Exception <a 'sun/nio/fs/WindowsException'{0x000000008bb921a0}> (0x000000008bb921a0) thrown at [./src/hotspot/share/prims/jni.cpp, line 615]
Event: 42.731 Thread 0x0000025062816800 Exception <a 'sun/nio/fs/WindowsException'{0x000000008bb932c0}> (0x000000008bb932c0) thrown at [./src/hotspot/share/prims/jni.cpp, line 615]
Event: 43.725 Thread 0x0000025062816800 Exception <a 'java/lang/NoSuchMethodError'{0x000000008a40e268}: 'java.lang.Object java.lang.invoke.Invokers$Holder.linkToTargetMethod(java.lang.Object, int, int, java.lang.Object)'> (0x000000008a40e268) thrown at [./src/hotspot/share/interpreter/linkResolver.cpp, line 773]
Event: 44.252 Thread 0x000002506280d000 Exception <a 'java/lang/NoSuchMethodError'{0x0000000089476b38}: <clinit>> (0x0000000089476b38) thrown at [./src/hotspot/share/prims/jni.cpp, line 1362]
Event: 44.253 Thread 0x000002506280d000 Exception <a 'java/lang/NoSuchMethodError'{0x0000000089480190}: <clinit>> (0x0000000089480190) thrown at [./src/hotspot/share/prims/jni.cpp, line 1362]
Event: 44.271 Thread 0x000002506280d000 Exception <a 'java/lang/NoSuchMethodError'{0x00000000894c27c0}: <clinit>> (0x00000000894c27c0) thrown at [./src/hotspot/share/prims/jni.cpp, line 1362]
Event: 44.275 Thread 0x000002506280d000 Exception <a 'java/lang/NoSuchMethodError'{0x00000000894d2c28}: <clinit>> (0x00000000894d2c28) thrown at [./src/hotspot/share/prims/jni.cpp, line 1362]
Event: 44.277 Thread 0x000002506280d000 Exception <a 'java/lang/NoSuchMethodError'{0x0000000089300c40}: <clinit>> (0x0000000089300c40) thrown at [./src/hotspot/share/prims/jni.cpp, line 1362]
Event: 44.322 Thread 0x0000025061068000 Exception <a 'java/lang/NoSuchMethodError'{0x00000000892bf8a0}: <clinit>> (0x00000000892bf8a0) thrown at [./src/hotspot/share/prims/jni.cpp, line 1362]
Event: 44.329 Thread 0x0000025061068000 Exception <a 'java/lang/NoSuchMethodError'{0x00000000892d3de0}: <clinit>> (0x00000000892d3de0) thrown at [./src/hotspot/share/prims/jni.cpp, line 1362]
Event: 44.335 Thread 0x0000025061068000 Exception <a 'java/lang/NoSuchMethodError'{0x000000008910c7d8}: <clinit>> (0x000000008910c7d8) thrown at [./src/hotspot/share/prims/jni.cpp, line 1362]
Event: 44.470 Thread 0x000002506280d000 Exception <a 'java/lang/NoSuchMethodError'{0x0000000088f3db40}: <clinit>> (0x0000000088f3db40) thrown at [./src/hotspot/share/prims/jni.cpp, line 1362]
Event: 44.742 Thread 0x0000025061064000 Exception <a 'java/lang/NoSuchMethodError'{0x0000000088e3d1f0}: 'java.lang.Object java.lang.invoke.Invokers$Holder.linkToTargetMethod(java.lang.Object, java.lang.Object, java.lang.Object, int, java.lang.Object, java.lang.Object)'> (0x0000000088e3d1f0) thrown at [./src/hotspot/share/interpreter/linkResolver.cpp, line 773]
Event: 44.902 Thread 0x0000025061064000 Exception <a 'java/lang/IncompatibleClassChangeError'{0x0000000088e9d128}: Found class java.lang.Object, but interface was expected> (0x0000000088e9d128) thrown at [./src/hotspot/share/interpreter/linkResolver.cpp, line 839]
Event: 45.064 Thread 0x0000025061064000 Exception <a 'java/lang/NoSuchMethodError'{0x0000000088c79690}: 'int java.lang.invoke.DirectMethodHandle$Holder.invokeStaticInit(java.lang.Object, java.lang.Object, java.lang.Object, java.lang.Object, java.lang.Object)'> (0x0000000088c79690) thrown at [./src/hotspot/share/interpreter/linkResolver.cpp, line 773]

Events (20 events):
Event: 45.170 loading class org/gradle/api/artifacts/DependencySubstitutions$Substitution
Event: 45.170 loading class org/gradle/api/artifacts/DependencySubstitutions$Substitution done
Event: 45.170 loading class org/gradle/api/internal/artifacts/ivyservice/dependencysubstitution/DefaultDependencySubstitution
Event: 45.170 loading class org/gradle/api/internal/artifacts/ivyservice/dependencysubstitution/DefaultDependencySubstitution done
Event: 45.184 Executing VM operation: Deoptimize
Event: 45.187 Executing VM operation: Deoptimize done
Event: 45.187 loading class org/gradle/api/internal/artifacts/ivyservice/dependencysubstitution/ArtifactSelectionDetailsInternal
Event: 45.187 loading class org/gradle/api/internal/artifacts/ivyservice/dependencysubstitution/ArtifactSelectionDetailsInternal done
Event: 45.198 loading class org/gradle/api/artifacts/ArtifactSelectionDetails
Event: 45.198 loading class org/gradle/api/artifacts/ArtifactSelectionDetails done
Event: 45.203 loading class org/gradle/api/internal/artifacts/ivyservice/dependencysubstitution/DefaultDependencySubstitutions$ModuleMatchDependencySubstitutionAction
Event: 45.203 loading class org/gradle/api/internal/artifacts/ivyservice/dependencysubstitution/DefaultDependencySubstitutions$ModuleMatchDependencySubstitutionAction done
Event: 45.216 loading class org/gradle/api/internal/artifacts/ivyservice/dependencysubstitution/DefaultDependencySubstitutions$AbstractDependencySubstitutionAction
Event: 45.216 loading class org/gradle/api/internal/artifacts/ivyservice/dependencysubstitution/DefaultDependencySubstitutions$AbstractDependencySubstitutionAction done
Event: 45.219 loading class org/gradle/api/Action
Event: 45.219 loading class org/gradle/api/Action done
Event: 45.219 loading class org/gradle/api/Action
Event: 45.219 loading class org/gradle/api/Action done
Event: 45.219 loading class org/gradle/api/internal/artifacts/ivyservice/dependencysubstitution/DefaultDependencySubstitutions$1
Event: 45.219 loading class org/gradle/api/internal/artifacts/ivyservice/dependencysubstitution/DefaultDependencySubstitutions$1 done


Dynamic libraries:
0x00007ff619f60000 - 0x00007ff619f6a000 	C:\Program Files\Android\Android Studio\jre\bin\java.exe
0x00007ffa57fb0000 - 0x00007ffa5819d000 	C:\Windows\SYSTEM32\ntdll.dll
0x00007ffa57960000 - 0x00007ffa57a13000 	C:\Windows\System32\KERNEL32.DLL
0x00007ffa54580000 - 0x00007ffa54815000 	C:\Windows\System32\KERNELBASE.dll
0x00007ffa550d0000 - 0x00007ffa551ca000 	C:\Windows\System32\ucrtbase.dll
0x00007ffa4c610000 - 0x00007ffa4c629000 	C:\Program Files\Android\Android Studio\jre\bin\jli.dll
0x00007ffa57690000 - 0x00007ffa57827000 	C:\Windows\System32\USER32.dll
0x00007ffa54360000 - 0x00007ffa54380000 	C:\Windows\System32\win32u.dll
0x00007ffa57ad0000 - 0x00007ffa57af9000 	C:\Windows\System32\GDI32.dll
0x00007ffa54110000 - 0x00007ffa542ac000 	C:\Windows\System32\gdi32full.dll
0x00007ffa54820000 - 0x00007ffa548c0000 	C:\Windows\System32\msvcp_win.dll
0x00007ffa4c5f0000 - 0x00007ffa4c607000 	C:\Program Files\Android\Android Studio\jre\bin\VCRUNTIME140.dll
0x00007ffa3d600000 - 0x00007ffa3d879000 	C:\Windows\WinSxS\amd64_microsoft.windows.common-controls_6595b64144ccf1df_6.0.17763.1577_none_de7444545348a3d0\COMCTL32.dll
0x00007ffa56ca0000 - 0x00007ffa56d3e000 	C:\Windows\System32\msvcrt.dll
0x00007ffa56970000 - 0x00007ffa56c9d000 	C:\Windows\System32\combase.dll
0x00007ffa57040000 - 0x00007ffa57162000 	C:\Windows\System32\RPCRT4.dll
0x00007ffa548f0000 - 0x00007ffa5496e000 	C:\Windows\System32\bcryptPrimitives.dll
0x00007ffa56db0000 - 0x00007ffa56dde000 	C:\Windows\System32\IMM32.DLL
0x00007ffa40590000 - 0x00007ffa4062d000 	C:\Program Files\Android\Android Studio\jre\bin\msvcp140.dll
0x00007ffa10be0000 - 0x00007ffa116af000 	C:\Program Files\Android\Android Studio\jre\bin\server\jvm.dll
0x00007ffa57a20000 - 0x00007ffa57ac3000 	C:\Windows\System32\ADVAPI32.dll
0x00007ffa56fa0000 - 0x00007ffa5703e000 	C:\Windows\System32\sechost.dll
0x00007ffa56d40000 - 0x00007ffa56d48000 	C:\Windows\System32\PSAPI.DLL
0x00007ffa4c860000 - 0x00007ffa4c869000 	C:\Windows\SYSTEM32\WSOCK32.dll
0x00007ffa55320000 - 0x00007ffa5538d000 	C:\Windows\System32\WS2_32.dll
0x00007ffa51840000 - 0x00007ffa51864000 	C:\Windows\SYSTEM32\WINMM.dll
0x00007ffa4f170000 - 0x00007ffa4f17a000 	C:\Windows\SYSTEM32\VERSION.dll
0x00007ffa517e0000 - 0x00007ffa5180d000 	C:\Windows\SYSTEM32\WINMMBASE.dll
0x00007ffa542b0000 - 0x00007ffa542fa000 	C:\Windows\System32\cfgmgr32.dll
0x00007ffa54040000 - 0x00007ffa54051000 	C:\Windows\System32\kernel.appcore.dll
0x00007ffa4c140000 - 0x00007ffa4c151000 	C:\Program Files\Android\Android Studio\jre\bin\verify.dll
0x00007ffa53a30000 - 0x00007ffa53c1d000 	C:\Windows\SYSTEM32\DBGHELP.DLL
0x00007ffa537d0000 - 0x00007ffa537fa000 	C:\Windows\SYSTEM32\dbgcore.DLL
0x00007ffa4bcb0000 - 0x00007ffa4bcd9000 	C:\Program Files\Android\Android Studio\jre\bin\java.dll
0x00007ffa4c850000 - 0x00007ffa4c85b000 	C:\Program Files\Android\Android Studio\jre\bin\jimage.dll
0x00007ffa4c020000 - 0x00007ffa4c038000 	C:\Program Files\Android\Android Studio\jre\bin\zip.dll
0x00007ffa55470000 - 0x00007ffa56969000 	C:\Windows\System32\SHELL32.dll
0x00007ffa57420000 - 0x00007ffa574c8000 	C:\Windows\System32\shcore.dll
0x00007ffa54970000 - 0x00007ffa550c3000 	C:\Windows\System32\windows.storage.dll
0x00007ffa53fb0000 - 0x00007ffa53fd4000 	C:\Windows\System32\profapi.dll
0x00007ffa53fe0000 - 0x00007ffa5403d000 	C:\Windows\System32\powrprof.dll
0x00007ffa56d50000 - 0x00007ffa56da2000 	C:\Windows\System32\shlwapi.dll
0x00007ffa54380000 - 0x00007ffa54397000 	C:\Windows\System32\cryptsp.dll
0x00007ffa48360000 - 0x00007ffa4837a000 	C:\Program Files\Android\Android Studio\jre\bin\net.dll
0x00007ffa47a80000 - 0x00007ffa47b74000 	C:\Windows\SYSTEM32\WINHTTP.dll
0x00007ffa533c0000 - 0x00007ffa53427000 	C:\Windows\system32\mswsock.dll
0x00007ffa47600000 - 0x00007ffa47614000 	C:\Program Files\Android\Android Studio\jre\bin\nio.dll
0x00007ffa4bc10000 - 0x00007ffa4bc37000 	C:\Users\admin\AndroidStudioProjects\APP\gradle\native\8bec1ad78214c89d9ad589b4d07fe93259594b29d510b10fafb7a158f7737e5d\windows-amd64\native-platform.dll
0x00007ffa36440000 - 0x00007ffa3657d000 	C:\Users\admin\AndroidStudioProjects\APP\gradle\native\53dbd7edfb1c66fb8903c78663c9afc45aea4f116125fa6feffd364cf09443e8\windows-amd64\native-platform-file-events.dll
0x00007ffa4b830000 - 0x00007ffa4b83a000 	C:\Program Files\Android\Android Studio\jre\bin\management.dll
0x00007ffa47990000 - 0x00007ffa4799c000 	C:\Program Files\Android\Android Studio\jre\bin\management_ext.dll
0x00007ffa52f40000 - 0x00007ffa52f73000 	C:\Windows\system32\rsaenh.dll
0x00007ffa548c0000 - 0x00007ffa548e6000 	C:\Windows\System32\bcrypt.dll
0x00007ffa53e90000 - 0x00007ffa53eb9000 	C:\Windows\SYSTEM32\USERENV.dll
0x00007ffa53590000 - 0x00007ffa5359c000 	C:\Windows\SYSTEM32\CRYPTBASE.dll
0x00007ffa530e0000 - 0x00007ffa5311d000 	C:\Windows\SYSTEM32\IPHLPAPI.DLL
0x00007ffa574d0000 - 0x00007ffa574d8000 	C:\Windows\System32\NSI.dll
0x00007ffa4a570000 - 0x00007ffa4a586000 	C:\Windows\SYSTEM32\dhcpcsvc6.DLL
0x00007ffa4a490000 - 0x00007ffa4a4ac000 	C:\Windows\SYSTEM32\dhcpcsvc.DLL
0x00007ffa53120000 - 0x00007ffa531e6000 	C:\Windows\SYSTEM32\DNSAPI.dll

dbghelp: loaded successfully - version: 4.0.5 - missing functions: none
symbol engine: initialized successfully - sym options: 0x614 - pdb path: .;C:\Program Files\Android\Android Studio\jre\bin;C:\Windows\SYSTEM32;C:\Windows\WinSxS\amd64_microsoft.windows.common-controls_6595b64144ccf1df_6.0.17763.1577_none_de7444545348a3d0;C:\Program Files\Android\Android Studio\jre\bin\server;C:\Users\admin\AndroidStudioProjects\APP\gradle\native\8bec1ad78214c89d9ad589b4d07fe93259594b29d510b10fafb7a158f7737e5d\windows-amd64;C:\Users\admin\AndroidStudioProjects\APP\gradle\native\53dbd7edfb1c66fb8903c78663c9afc45aea4f116125fa6feffd364cf09443e8\windows-amd64

VM Arguments:
jvm_args: --add-opens=java.base/java.util=ALL-UNNAMED --add-opens=java.base/java.lang=ALL-UNNAMED --add-opens=java.base/java.lang.invoke=ALL-UNNAMED --add-opens=java.base/java.util=ALL-UNNAMED --add-opens=java.prefs/java.util.prefs=ALL-UNNAMED --add-opens=java.prefs/java.util.prefs=ALL-UNNAMED --add-opens=java.base/java.nio.charset=ALL-UNNAMED --add-opens=java.base/java.net=ALL-UNNAMED --add-opens=java.base/java.util.concurrent.atomic=ALL-UNNAMED -Xmx2048m -Dfile.encoding=UTF-8 -Duser.country=IN -Duser.language=en -Duser.variant 
java_command: org.gradle.launcher.daemon.bootstrap.GradleDaemon 7.0.2
java_class_path (initial): C:\Users\admin\AndroidStudioProjects\APP\gradle\wrapper\dists\gradle-7.0.2-bin\857tjihv64xamwrf0h14cai3r\gradle-7.0.2\lib\gradle-launcher-7.0.2.jar
Launcher Type: SUN_STANDARD

[Global flags]
     intx CICompilerCount                          = 3                                         {product} {ergonomic}
     uint ConcGCThreads                            = 1                                         {product} {ergonomic}
     uint G1ConcRefinementThreads                  = 4                                         {product} {ergonomic}
   size_t G1HeapRegionSize                         = 1048576                                   {product} {ergonomic}
    uintx GCDrainStackTargetSize                   = 64                                        {product} {ergonomic}
   size_t InitialHeapSize                          = 201326592                                 {product} {ergonomic}
   size_t MarkStackSize                            = 4194304                                   {product} {ergonomic}
   size_t MaxHeapSize                              = 2147483648                                {product} {command line}
   size_t MaxNewSize                               = 1287651328                                {product} {ergonomic}
   size_t MinHeapDeltaBytes                        = 1048576                                   {product} {ergonomic}
    uintx NonNMethodCodeHeapSize                   = 5830732                                {pd product} {ergonomic}
    uintx NonProfiledCodeHeapSize                  = 122913754                              {pd product} {ergonomic}
    uintx ProfiledCodeHeapSize                     = 122913754                              {pd product} {ergonomic}
    uintx ReservedCodeCacheSize                    = 251658240                              {pd product} {ergonomic}
     bool SegmentedCodeCache                       = true                                      {product} {ergonomic}
     bool UseCompressedClassPointers               = true                                 {lp64_product} {ergonomic}
     bool UseCompressedOops                        = true                                 {lp64_product} {ergonomic}
     bool UseG1GC                                  = true                                      {product} {ergonomic}
     bool UseLargePagesIndividualAllocation        = false                                  {pd product} {ergonomic}

Logging:
Log output configuration:
 #0: stdout all=warning uptime,level,tags
 #1: stderr all=off uptime,level,tags

Environment Variables:
PATH=C:\Windows\system32;C:\Windows;C:\Windows\System32\Wbem;C:\Windows\System32\WindowsPowerShell\v1.0\;C:\Windows\System32\OpenSSH\;C:\Program Files\Git\cmd;C:\Users\admin\AppData\Local\Microsoft\WindowsApps;
USERNAME=admin
OS=Windows_NT
PROCESSOR_IDENTIFIER=Intel64 Family 6 Model 142 Stepping 10, GenuineIntel



---------------  S Y S T E M  ---------------

OS: Windows 10 , 64 bit Build 17763 (10.0.17763.475)
OS uptime: 27 days 16:09 hours

CPU:total 4 (initial active 4) (2 cores per cpu, 2 threads per core) family 6 model 142 stepping 10 microcode 0xb4, cmov, cx8, fxsr, mmx, sse, sse2, sse3, ssse3, sse4.1, sse4.2, popcnt, avx, avx2, aes, clmul, erms, 3dnowpref, lzcnt, ht, tsc, tscinvbit, bmi1, bmi2, adx, fma

Memory: 4k page, system-wide physical 12197M (295M free)
TotalPageFile size 16197M (AvailPageFile size 0M)
current process WorkingSet (physical memory assigned to process): 436M, peak: 436M
current process commit charge ("private bytes"): 490M, peak: 491M

vm_info: OpenJDK 64-Bit Server VM (11.0.10+0-b96-7249189) for windows-amd64 JRE (11.0.10+0-b96-7249189), built on Mar 31 2021 21:44:00 by "builder" with MS VC++ 14.0 (VS2015)

END.
